
-------------------------------------------------------------------
[Downloader2] Loaded configuration: normal
[Bootstrapper] createLauncher
[Bootstrapper] choose jvm:C:\Users\jeymar.vega\AppData\Roaming\.tlauncher\jvms\jre1.8.0_281\bin\javaw.exe
[Bootstrapper] validate files
[Bootstrapper] end validated files
[Bootstrapper] Starting launcher...
[Double running] clear time label
> Loading configuration from file: C:\Users\jeymar.vega\AppData\Roaming\.tlauncher\tlauncher-2.0.properties
> [Configuration] Constant values: {}
> [Loading] INITIALIZING
> Starting TLauncher 2.86 RELEASE
> For more information, visit https://tlauncher.org/
> Startup time: 5/09/2022 05:20:39 PM
> Running folder C:\Users\jeymar.vega\AppData\Roaming\.minecraft
> ---
> [Loading] LOADING_CONFIGURATION
> Machine info: -------------------------------------------------------
> Windows 10 10.0, Java 1.8.0_281, jvm bit x64, 16299 MB RAM
> java path=C:\Users\jeymar.vega\AppData\Roaming\.tlauncher\jvms\jre1.8.0_281\bin\javaw.exe
> AMD Ryzen 5 5600X 6-Core Processor
>  AMD Radeon RX 6700 XT, AMD Radeon Graphics Processor (0x73DF), 20392 MB, AMD Radeon RX 6700 XT, AMD Radeon Graphics Processor (0x73DF), 20392 MB
> -------------------------------------------------------
> Selected locale: es_ES
> [Loading] LOADING_CONSOLE
> [Downloader2] Loaded configuration: good
> [Updater] Requesting an update...
> [Updater] Requesting from: https://repo.tlauncher.org/update/lch/update_2.0.json
> [Updater] Making request: https://repo.tlauncher.org/update/lch/update_2.0.json?version=2.86&client=44610725-ac74-4ebf-a45a-6afd7629631b
> [Browser] Loading resources...
> [Browser] Loading background...
> [Browser] Cleaning up after loading:
> Starting garbage collector: 34 / 196 MB
> Garbage collector completed: 17 / 233 MB
> [Loading] LOADING_MANAGERS
> [LocalVersionList] Base directory: C:\Users\jeymar.vega\AppData\Roaming\.minecraft
> [ProfileManager] Refreshing profiles from: C:\Users\jeymar.vega\AppData\Roaming\.minecraft\TlauncherProfiles.json
> [AdvertisingStatusObserver]  started to get ad information
> [AdvertisingStatusObserver]  finished to get add information
> save profiles
> [GsonUtil]  request to https://repo.tlauncher.org/update/downloads/libraries/org/tlauncher/authlib/libraries-1.7.json
> [JFXStartPageLoader]  start load page: https://page.tlauncher.org/update/downloads/configs/client/index_es.htm
> [Loading] LOADING_WINDOW
> [Browser] Running in JavaFX Thread
> [Browser] Preparing JavaFX...
> [Swing] Favicons loaded: 256px, 128px, 96px, 64px, 48px, 32px, 24px, 16px
> [Loading] PREPARING_MAINPANE
> [Browser] Initializing...
> [Updater] Request time: 437 ms
> [Updater] Successfully requested from: https://repo.tlauncher.org/update/lch/update_2.0.json
> [REPO][SERVER_LIST_REPO] Success: Reached the repo in 143 ms.
> [Downloader2] Loaded configuration: good
> [JFXStartPageLoader]  succeeded load page: https://page.tlauncher.org/update/downloads/configs/client/index_es.htm during 0
> [Browser@2014970625] Loaded successfully: "https://page.tlauncher.org/update/downloads/configs/client/index_es.htm"
> [Browser] add listens into server_choose
> [Browser] finished listens into server_choose
> [Loading] POSTINIT_GUI
> [Frame] Packing main frame...
> [Frame] Resizing main pane...
> Updater is already closed. Showing up...
> Visibility set.
> [Loading] REFRESHING_INFO
> [VersionManager] Refreshing versions remotely...
> [REPO][EXTRA_VERSION_REPO] Attempt #1; timeout: 20000 ms; url: https://repo.tlauncher.org/update/downloads/versions/new4/
> Started! (2758 ms.)
> [Loading] SUCCESS
[Bootstrapper] I can be terminated now: 0
